<?xml version="1.0" encoding="UTF-8" ?>
<testsuites>
  <testsuite failures="0" hostname="ibm-saurabhkumar" id="0" name="TodayProject/tests" package="" skipped="0" tests="1" time="0.067" timestamp="Tue Feb 01 22:43:20 IST 2022">
	    <properties>
		      <property name="excludeCallableTestCases" value="true" />

		      <property name="testEnvironment" value="" />

		      <property name="pluginOutputLevel" value="WARNING" />

		      <property name="projectPath" value=".." />

		      <property name="salesforceMetadataCache" value="Reuse" />

		      <property name="resultsPathDisposition" value="Increment" />

		      <property name="testOutputLevel" value="INFO" />

		      <property name="webBrowserType" value="Chrome" />

		      <property name="resultsPath" value="../ANT/Results" />

		      <property name="webBrowserConfiguration" value="Full Screen" />

		      <property name="projectCachePath" value="C:\Users\saurabh.kumar\Provar\pracwork\TodayProject\ANT\..\..\.provarCaches" />

	    </properties>

	    <testcase classname="tests/setup testcase.setup" name="setup testcase.setup" time="0.012">
	</testcase>

	    <testcase classname="tests/Setvalue.testcase" name="Setvalue.testcase" time="0.052">
	</testcase>

  </testsuite>
</testsuites>
