<?xml version="1.0" encoding="UTF-8" ?>
<testsuites>
  <testsuite failures="1" hostname="ibm-saurabhkumar" id="0" name="TodayProject/tests" package="" skipped="0" tests="1" time="120.355" timestamp="Tue Feb 01 22:30:09 IST 2022">
	    <properties>
		      <property name="excludeCallableTestCases" value="true" />

		      <property name="testEnvironment" value="" />

		      <property name="pluginOutputLevel" value="WARNING" />

		      <property name="projectPath" value=".." />

		      <property name="salesforceMetadataCache" value="Reuse" />

		      <property name="resultsPathDisposition" value="Increment" />

		      <property name="testOutputLevel" value="INFO" />

		      <property name="webBrowserType" value="Chrome" />

		      <property name="resultsPath" value="../ANT/Results" />

		      <property name="webBrowserConfiguration" value="Full Screen" />

		      <property name="projectCachePath" value="C:\Users\saurabh.kumar\Provar\pracwork\TodayProject\ANT\..\..\.provarCaches" />

	    </properties>

	    <testcase classname="tests/setup testcase.setup" name="setup testcase.setup" time="0.014">
	</testcase>

	    <testcase classname="tests/Case_Handle.testcase" name="Case_Handle.testcase" time="116.609">
		      <failure message="Execution failed"><![CDATA[No rows found in table]]></failure>

	    </testcase>

  </testsuite>
</testsuites>
